2025-07-11 02:42:28,267 ERROR frappe New Exception collected in error log
Site: erpnext.localhost
Form Dict: {'report_name': 'Item-wise Sales History', 'filters': '{"from_date":"2025-06-11","company":"HSD (Demo)","to_date":"2025-07-11"}', 'ignore_prepared_report': '1', 'cmd': 'frappe.desk.query_report.run'}
2025-07-11 03:03:36,920 ERROR frappe Failed to capture exception
Site: builder.localhost
Form Dict: {'cmd': 'frappe.integrations.frappe_providers.frappecloud_billing.current_site_info'}
Traceback (most recent call last):
  File "/home/jumes/bench-0/env/lib/python3.12/site-packages/werkzeug/wrappers/request.py", line 611, in get_json
    rv = self.json_module.loads(data)
         ^^^^^^^^^^^^^^^^^^^^^^^^^^^^
  File "/usr/lib/python3.12/json/__init__.py", line 346, in loads
    return _default_decoder.decode(s)
           ^^^^^^^^^^^^^^^^^^^^^^^^^^
  File "/usr/lib/python3.12/json/decoder.py", line 337, in decode
    obj, end = self.raw_decode(s, idx=_w(s, 0).end())
               ^^^^^^^^^^^^^^^^^^^^^^^^^^^^^^^^^^^^^^
  File "/usr/lib/python3.12/json/decoder.py", line 355, in raw_decode
    raise JSONDecodeError("Expecting value", s, err.value) from None
json.decoder.JSONDecodeError: Expecting value: line 1 column 1 (char 0)

During handling of the above exception, another exception occurred:

Traceback (most recent call last):
  File "/home/jumes/bench-0/apps/frappe/frappe/utils/sentry.py", line 122, in capture_exception
    scope.set_context("JSON Body", frappe.request.json)
                                   ^^^^^^^^^^^^^^^^^^^
  File "/home/jumes/bench-0/apps/frappe/frappe/utils/local.py", line 66, in __getattr__
    return getattr(self._get_current_object(), name)
           ^^^^^^^^^^^^^^^^^^^^^^^^^^^^^^^^^^^^^^^^^
  File "/home/jumes/bench-0/env/lib/python3.12/site-packages/werkzeug/wrappers/request.py", line 560, in json
    return self.get_json()
           ^^^^^^^^^^^^^^^
  File "/home/jumes/bench-0/env/lib/python3.12/site-packages/werkzeug/wrappers/request.py", line 620, in get_json
    rv = self.on_json_loading_failed(e)
         ^^^^^^^^^^^^^^^^^^^^^^^^^^^^^^
  File "/home/jumes/bench-0/env/lib/python3.12/site-packages/werkzeug/wrappers/request.py", line 645, in on_json_loading_failed
    raise BadRequest(f"Failed to decode JSON object: {e}")
werkzeug.exceptions.BadRequest: 400 Bad Request: Failed to decode JSON object: Expecting value: line 1 column 1 (char 0)
2025-07-11 03:03:36,924 ERROR frappe New Exception collected in error log
Site: builder.localhost
Form Dict: {'cmd': 'frappe.integrations.frappe_providers.frappecloud_billing.current_site_info'}
2025-07-18 07:45:17,171 ERROR frappe New Exception collected in error log
Site: jumes.localhost
Form Dict: {'limit_page_length': 20}
2025-07-30 00:13:56,231 ERROR frappe New Exception collected in error log
Site: todo.localhost
Form Dict: {'cmd': 'get-office'}
2025-07-30 02:30:56,161 ERROR frappe New Exception collected in error log
Site: todo.localhost
Form Dict: {'cmd': 'get-office'}
2025-07-30 02:35:01,099 ERROR frappe New Exception collected in error log
Site: todo.localhost
Form Dict: {'cmd': 'get-office'}
2025-07-30 03:04:06,611 ERROR frappe New Exception collected in error log
Site: todo.localhost
Form Dict: {'routes': '[{"creation":"2025-07-30 03:03:56","route":"Workspaces/Build"}]', 'cmd': 'frappe.desk.doctype.route_history.route_history.deferred_insert'}
2025-07-30 03:05:02,299 ERROR frappe New Exception collected in error log
Site: todo.localhost
Form Dict: {'routes': '[{"creation":"2025-07-30 03:04:45","route":"Workspaces/Build"},{"creation":"2025-07-30 03:04:52","route":"List/ToDo/List"}]', 'cmd': 'frappe.desk.doctype.route_history.route_history.deferred_insert'}
2025-07-30 03:05:28,519 ERROR frappe New Exception collected in error log
Site: todo.localhost
Form Dict: {'routes': '[{"creation":"2025-07-30 03:05:18","route":"List/ToDo/List"}]', 'cmd': 'frappe.desk.doctype.route_history.route_history.deferred_insert'}
2025-07-30 03:05:47,982 ERROR frappe New Exception collected in error log
Site: todo.localhost
Form Dict: {'text': 'method', 'start': '0', 'limit': '100', 'doctype': '', 'cmd': 'frappe.utils.global_search.search'}
2025-07-30 03:14:52,618 ERROR frappe New Exception collected in error log
Site: todo.localhost
Form Dict: {'page': '{"name":"Build","title":"Build","public":1}', 'cmd': 'frappe.desk.desktop.get_desktop_page'}
2025-07-30 03:15:02,520 ERROR frappe New Exception collected in error log
Site: todo.localhost
Form Dict: {'routes': '[{"creation":"2025-07-30 03:14:52","route":"Workspaces/Build"}]', 'cmd': 'frappe.desk.doctype.route_history.route_history.deferred_insert'}
2025-07-30 03:30:42,344 ERROR frappe New Exception collected in error log
Site: todo.localhost
Form Dict: {'routes': '[{"creation":"2025-07-30 03:30:31","route":"Workspaces/Build"}]', 'cmd': 'frappe.desk.doctype.route_history.route_history.deferred_insert'}
2025-07-30 03:39:29,063 ERROR frappe New Exception collected in error log
Site: todo.localhost
Form Dict: {'doctype': 'User', 'with_parent': '1', 'cmd': 'frappe.desk.form.load.getdoctype'}
2025-07-30 04:27:58,482 ERROR frappe New Exception collected in error log
Site: todo.localhost
Form Dict: {'usr': 'Administrator', 'pwd': '********'}
2025-07-30 04:28:04,967 ERROR frappe New Exception collected in error log
Site: todo.localhost
Form Dict: {'usr': 'Administrator', 'pwd': '********'}
2025-07-30 04:29:26,149 ERROR frappe New Exception collected in error log
Site: todo.localhost
Form Dict: {'cmd': 'frappe.auth.get_logged_user'}
2025-07-30 04:30:03,933 ERROR frappe New Exception collected in error log
Site: todo.localhost
Form Dict: {'cmd': 'frappe.auth.get_logged_user'}
2025-07-30 04:54:45,105 ERROR frappe New Exception collected in error log
Site: todo.localhost
Form Dict: {'limit_page_length': 20}
2025-07-30 05:04:44,238 ERROR frappe New Exception collected in error log
Site: todo.localhost
Form Dict: {'limit_page_length': 20}
2025-07-30 05:40:55,056 ERROR frappe New Exception collected in error log
Site: todo.localhost
Form Dict: {}
2025-07-30 05:42:14,079 ERROR frappe New Exception collected in error log
Site: todo.localhost
Form Dict: {}
2025-07-30 05:45:20,073 ERROR frappe New Exception collected in error log
Site: todo.localhost
Form Dict: {'limit_page_length': 20}
2025-07-30 05:45:59,879 ERROR frappe New Exception collected in error log
Site: todo.localhost
Form Dict: {'limit_page_length': 20}
2025-07-31 03:59:21,418 ERROR frappe New Exception collected in error log
Site: todo.localhost
Form Dict: {'doc': {'doctype': 'ToDo', 'description': ''}, 'cmd': 'frappe.client.insert'}
2025-08-05 04:06:01,647 ERROR frappe Unable to load translations
Site: ecom.localhost
Form Dict: {}
Traceback (most recent call last):
  File "/home/jumes/bench-0/apps/frappe/frappe/app.py", line 102, in application
    init_request(request)
  File "/home/jumes/bench-0/apps/frappe/frappe/app.py", line 178, in init_request
    frappe.init(site, sites_path=_sites_path, force=True)
  File "/home/jumes/bench-0/apps/frappe/frappe/__init__.py", line 275, in init
    setup_module_map(include_all_apps=not (frappe.request or frappe.job or frappe.flags.in_migrate))
  File "/home/jumes/bench-0/apps/frappe/frappe/__init__.py", line 1394, in setup_module_map
    for module in get_module_list(app):
                  ^^^^^^^^^^^^^^^^^^^^
  File "/home/jumes/bench-0/apps/frappe/frappe/__init__.py", line 1235, in get_module_list
    return get_file_items(get_app_path(app_name, "modules.txt"))
                          ^^^^^^^^^^^^^^^^^^^^^^^^^^^^^^^^^^^^^
  File "/home/jumes/bench-0/apps/frappe/frappe/__init__.py", line 1200, in get_app_path
    return get_pymodule_path(app_name, *joins)
           ^^^^^^^^^^^^^^^^^^^^^^^^^^^^^^^^^^^
  File "/home/jumes/bench-0/apps/frappe/frappe/__init__.py", line 1230, in get_pymodule_path
    return abspath(join(dirname(get_module(scrub(modulename)).__file__ or ""), *joins))
                                ^^^^^^^^^^^^^^^^^^^^^^^^^^^^^
  File "/home/jumes/bench-0/apps/frappe/frappe/__init__.py", line 1171, in get_module
    return importlib.import_module(modulename)
           ^^^^^^^^^^^^^^^^^^^^^^^^^^^^^^^^^^^
  File "/usr/lib/python3.12/importlib/__init__.py", line 90, in import_module
    return _bootstrap._gcd_import(name[level:], package, level)
           ^^^^^^^^^^^^^^^^^^^^^^^^^^^^^^^^^^^^^^^^^^^^^^^^^^^^
  File "<frozen importlib._bootstrap>", line 1387, in _gcd_import
  File "<frozen importlib._bootstrap>", line 1360, in _find_and_load
  File "<frozen importlib._bootstrap>", line 1324, in _find_and_load_unlocked
ModuleNotFoundError: No module named 'star_ecom'

During handling of the above exception, another exception occurred:

Traceback (most recent call last):
  File "/home/jumes/bench-0/apps/frappe/frappe/translate.py", line 174, in get_all_translations
    return frappe.cache.hget(MERGED_TRANSLATION_KEY, lang, generator=_merge_translations)
           ^^^^^^^^^^^^^^^^^^^^^^^^^^^^^^^^^^^^^^^^^^^^^^^^^^^^^^^^^^^^^^^^^^^^^^^^^^^^^^
  File "/home/jumes/bench-0/apps/frappe/frappe/utils/redis_wrapper.py", line 253, in hget
    value = generator()
            ^^^^^^^^^^^
  File "/home/jumes/bench-0/apps/frappe/frappe/translate.py", line 162, in _merge_translations
    all_translations.update(get_translations_from_apps(lang))
                            ^^^^^^^^^^^^^^^^^^^^^^^^^^^^^^^^
  File "/home/jumes/bench-0/apps/frappe/frappe/translate.py", line 190, in get_translations_from_apps
    translations.update(get_translations_from_csv(lang, app) or {})
                        ^^^^^^^^^^^^^^^^^^^^^^^^^^^^^^^^^^^^
  File "/home/jumes/bench-0/apps/frappe/frappe/translate.py", line 202, in get_translations_from_csv
    os.path.join(frappe.get_app_path(app, "translations"), lang + ".csv"), lang, app
                 ^^^^^^^^^^^^^^^^^^^^^^^^^^^^^^^^^^^^^^^^
  File "/home/jumes/bench-0/apps/frappe/frappe/__init__.py", line 1200, in get_app_path
    return get_pymodule_path(app_name, *joins)
           ^^^^^^^^^^^^^^^^^^^^^^^^^^^^^^^^^^^
  File "/home/jumes/bench-0/apps/frappe/frappe/__init__.py", line 1230, in get_pymodule_path
    return abspath(join(dirname(get_module(scrub(modulename)).__file__ or ""), *joins))
                                ^^^^^^^^^^^^^^^^^^^^^^^^^^^^^
  File "/home/jumes/bench-0/apps/frappe/frappe/__init__.py", line 1171, in get_module
    return importlib.import_module(modulename)
           ^^^^^^^^^^^^^^^^^^^^^^^^^^^^^^^^^^^
  File "/usr/lib/python3.12/importlib/__init__.py", line 90, in import_module
    return _bootstrap._gcd_import(name[level:], package, level)
           ^^^^^^^^^^^^^^^^^^^^^^^^^^^^^^^^^^^^^^^^^^^^^^^^^^^^
  File "<frozen importlib._bootstrap>", line 1387, in _gcd_import
  File "<frozen importlib._bootstrap>", line 1360, in _find_and_load
  File "<frozen importlib._bootstrap>", line 1324, in _find_and_load_unlocked
ModuleNotFoundError: No module named 'star_ecom'
2025-08-05 04:06:01,654 ERROR frappe Unable to load translations
Site: ecom.localhost
Form Dict: {}
Traceback (most recent call last):
  File "/home/jumes/bench-0/apps/frappe/frappe/app.py", line 102, in application
    init_request(request)
  File "/home/jumes/bench-0/apps/frappe/frappe/app.py", line 178, in init_request
    frappe.init(site, sites_path=_sites_path, force=True)
  File "/home/jumes/bench-0/apps/frappe/frappe/__init__.py", line 275, in init
    setup_module_map(include_all_apps=not (frappe.request or frappe.job or frappe.flags.in_migrate))
  File "/home/jumes/bench-0/apps/frappe/frappe/__init__.py", line 1394, in setup_module_map
    for module in get_module_list(app):
                  ^^^^^^^^^^^^^^^^^^^^
  File "/home/jumes/bench-0/apps/frappe/frappe/__init__.py", line 1235, in get_module_list
    return get_file_items(get_app_path(app_name, "modules.txt"))
                          ^^^^^^^^^^^^^^^^^^^^^^^^^^^^^^^^^^^^^
  File "/home/jumes/bench-0/apps/frappe/frappe/__init__.py", line 1200, in get_app_path
    return get_pymodule_path(app_name, *joins)
           ^^^^^^^^^^^^^^^^^^^^^^^^^^^^^^^^^^^
  File "/home/jumes/bench-0/apps/frappe/frappe/__init__.py", line 1230, in get_pymodule_path
    return abspath(join(dirname(get_module(scrub(modulename)).__file__ or ""), *joins))
                                ^^^^^^^^^^^^^^^^^^^^^^^^^^^^^
  File "/home/jumes/bench-0/apps/frappe/frappe/__init__.py", line 1171, in get_module
    return importlib.import_module(modulename)
           ^^^^^^^^^^^^^^^^^^^^^^^^^^^^^^^^^^^
  File "/usr/lib/python3.12/importlib/__init__.py", line 90, in import_module
    return _bootstrap._gcd_import(name[level:], package, level)
           ^^^^^^^^^^^^^^^^^^^^^^^^^^^^^^^^^^^^^^^^^^^^^^^^^^^^
  File "<frozen importlib._bootstrap>", line 1387, in _gcd_import
  File "<frozen importlib._bootstrap>", line 1360, in _find_and_load
  File "<frozen importlib._bootstrap>", line 1324, in _find_and_load_unlocked
ModuleNotFoundError: No module named 'star_ecom'

During handling of the above exception, another exception occurred:

Traceback (most recent call last):
  File "/home/jumes/bench-0/apps/frappe/frappe/translate.py", line 174, in get_all_translations
    return frappe.cache.hget(MERGED_TRANSLATION_KEY, lang, generator=_merge_translations)
           ^^^^^^^^^^^^^^^^^^^^^^^^^^^^^^^^^^^^^^^^^^^^^^^^^^^^^^^^^^^^^^^^^^^^^^^^^^^^^^
  File "/home/jumes/bench-0/apps/frappe/frappe/utils/redis_wrapper.py", line 253, in hget
    value = generator()
            ^^^^^^^^^^^
  File "/home/jumes/bench-0/apps/frappe/frappe/translate.py", line 162, in _merge_translations
    all_translations.update(get_translations_from_apps(lang))
                            ^^^^^^^^^^^^^^^^^^^^^^^^^^^^^^^^
  File "/home/jumes/bench-0/apps/frappe/frappe/translate.py", line 190, in get_translations_from_apps
    translations.update(get_translations_from_csv(lang, app) or {})
                        ^^^^^^^^^^^^^^^^^^^^^^^^^^^^^^^^^^^^
  File "/home/jumes/bench-0/apps/frappe/frappe/translate.py", line 202, in get_translations_from_csv
    os.path.join(frappe.get_app_path(app, "translations"), lang + ".csv"), lang, app
                 ^^^^^^^^^^^^^^^^^^^^^^^^^^^^^^^^^^^^^^^^
  File "/home/jumes/bench-0/apps/frappe/frappe/__init__.py", line 1200, in get_app_path
    return get_pymodule_path(app_name, *joins)
           ^^^^^^^^^^^^^^^^^^^^^^^^^^^^^^^^^^^
  File "/home/jumes/bench-0/apps/frappe/frappe/__init__.py", line 1230, in get_pymodule_path
    return abspath(join(dirname(get_module(scrub(modulename)).__file__ or ""), *joins))
                                ^^^^^^^^^^^^^^^^^^^^^^^^^^^^^
  File "/home/jumes/bench-0/apps/frappe/frappe/__init__.py", line 1171, in get_module
    return importlib.import_module(modulename)
           ^^^^^^^^^^^^^^^^^^^^^^^^^^^^^^^^^^^
  File "/usr/lib/python3.12/importlib/__init__.py", line 90, in import_module
    return _bootstrap._gcd_import(name[level:], package, level)
           ^^^^^^^^^^^^^^^^^^^^^^^^^^^^^^^^^^^^^^^^^^^^^^^^^^^^
  File "<frozen importlib._bootstrap>", line 1387, in _gcd_import
  File "<frozen importlib._bootstrap>", line 1360, in _find_and_load
  File "<frozen importlib._bootstrap>", line 1324, in _find_and_load_unlocked
ModuleNotFoundError: No module named 'star_ecom'
2025-08-05 04:07:11,705 ERROR frappe Unable to load translations
Site: ecom.localhost
Form Dict: {}
Traceback (most recent call last):
  File "/home/jumes/bench-0/apps/frappe/frappe/app.py", line 102, in application
    init_request(request)
  File "/home/jumes/bench-0/apps/frappe/frappe/app.py", line 178, in init_request
    frappe.init(site, sites_path=_sites_path, force=True)
  File "/home/jumes/bench-0/apps/frappe/frappe/__init__.py", line 275, in init
    setup_module_map(include_all_apps=not (frappe.request or frappe.job or frappe.flags.in_migrate))
  File "/home/jumes/bench-0/apps/frappe/frappe/__init__.py", line 1394, in setup_module_map
    for module in get_module_list(app):
                  ^^^^^^^^^^^^^^^^^^^^
  File "/home/jumes/bench-0/apps/frappe/frappe/__init__.py", line 1235, in get_module_list
    return get_file_items(get_app_path(app_name, "modules.txt"))
                          ^^^^^^^^^^^^^^^^^^^^^^^^^^^^^^^^^^^^^
  File "/home/jumes/bench-0/apps/frappe/frappe/__init__.py", line 1200, in get_app_path
    return get_pymodule_path(app_name, *joins)
           ^^^^^^^^^^^^^^^^^^^^^^^^^^^^^^^^^^^
  File "/home/jumes/bench-0/apps/frappe/frappe/__init__.py", line 1230, in get_pymodule_path
    return abspath(join(dirname(get_module(scrub(modulename)).__file__ or ""), *joins))
                                ^^^^^^^^^^^^^^^^^^^^^^^^^^^^^
  File "/home/jumes/bench-0/apps/frappe/frappe/__init__.py", line 1171, in get_module
    return importlib.import_module(modulename)
           ^^^^^^^^^^^^^^^^^^^^^^^^^^^^^^^^^^^
  File "/usr/lib/python3.12/importlib/__init__.py", line 90, in import_module
    return _bootstrap._gcd_import(name[level:], package, level)
           ^^^^^^^^^^^^^^^^^^^^^^^^^^^^^^^^^^^^^^^^^^^^^^^^^^^^
  File "<frozen importlib._bootstrap>", line 1387, in _gcd_import
  File "<frozen importlib._bootstrap>", line 1360, in _find_and_load
  File "<frozen importlib._bootstrap>", line 1324, in _find_and_load_unlocked
ModuleNotFoundError: No module named 'star_ecom'

During handling of the above exception, another exception occurred:

Traceback (most recent call last):
  File "/home/jumes/bench-0/apps/frappe/frappe/translate.py", line 174, in get_all_translations
    return frappe.cache.hget(MERGED_TRANSLATION_KEY, lang, generator=_merge_translations)
           ^^^^^^^^^^^^^^^^^^^^^^^^^^^^^^^^^^^^^^^^^^^^^^^^^^^^^^^^^^^^^^^^^^^^^^^^^^^^^^
  File "/home/jumes/bench-0/apps/frappe/frappe/utils/redis_wrapper.py", line 253, in hget
    value = generator()
            ^^^^^^^^^^^
  File "/home/jumes/bench-0/apps/frappe/frappe/translate.py", line 162, in _merge_translations
    all_translations.update(get_translations_from_apps(lang))
                            ^^^^^^^^^^^^^^^^^^^^^^^^^^^^^^^^
  File "/home/jumes/bench-0/apps/frappe/frappe/translate.py", line 190, in get_translations_from_apps
    translations.update(get_translations_from_csv(lang, app) or {})
                        ^^^^^^^^^^^^^^^^^^^^^^^^^^^^^^^^^^^^
  File "/home/jumes/bench-0/apps/frappe/frappe/translate.py", line 202, in get_translations_from_csv
    os.path.join(frappe.get_app_path(app, "translations"), lang + ".csv"), lang, app
                 ^^^^^^^^^^^^^^^^^^^^^^^^^^^^^^^^^^^^^^^^
  File "/home/jumes/bench-0/apps/frappe/frappe/__init__.py", line 1200, in get_app_path
    return get_pymodule_path(app_name, *joins)
           ^^^^^^^^^^^^^^^^^^^^^^^^^^^^^^^^^^^
  File "/home/jumes/bench-0/apps/frappe/frappe/__init__.py", line 1230, in get_pymodule_path
    return abspath(join(dirname(get_module(scrub(modulename)).__file__ or ""), *joins))
                                ^^^^^^^^^^^^^^^^^^^^^^^^^^^^^
  File "/home/jumes/bench-0/apps/frappe/frappe/__init__.py", line 1171, in get_module
    return importlib.import_module(modulename)
           ^^^^^^^^^^^^^^^^^^^^^^^^^^^^^^^^^^^
  File "/usr/lib/python3.12/importlib/__init__.py", line 90, in import_module
    return _bootstrap._gcd_import(name[level:], package, level)
           ^^^^^^^^^^^^^^^^^^^^^^^^^^^^^^^^^^^^^^^^^^^^^^^^^^^^
  File "<frozen importlib._bootstrap>", line 1387, in _gcd_import
  File "<frozen importlib._bootstrap>", line 1360, in _find_and_load
  File "<frozen importlib._bootstrap>", line 1324, in _find_and_load_unlocked
ModuleNotFoundError: No module named 'star_ecom'
2025-08-05 04:07:11,707 ERROR frappe Unable to load translations
Site: ecom.localhost
Form Dict: {}
Traceback (most recent call last):
  File "/home/jumes/bench-0/apps/frappe/frappe/app.py", line 102, in application
    init_request(request)
  File "/home/jumes/bench-0/apps/frappe/frappe/app.py", line 178, in init_request
    frappe.init(site, sites_path=_sites_path, force=True)
  File "/home/jumes/bench-0/apps/frappe/frappe/__init__.py", line 275, in init
    setup_module_map(include_all_apps=not (frappe.request or frappe.job or frappe.flags.in_migrate))
  File "/home/jumes/bench-0/apps/frappe/frappe/__init__.py", line 1394, in setup_module_map
    for module in get_module_list(app):
                  ^^^^^^^^^^^^^^^^^^^^
  File "/home/jumes/bench-0/apps/frappe/frappe/__init__.py", line 1235, in get_module_list
    return get_file_items(get_app_path(app_name, "modules.txt"))
                          ^^^^^^^^^^^^^^^^^^^^^^^^^^^^^^^^^^^^^
  File "/home/jumes/bench-0/apps/frappe/frappe/__init__.py", line 1200, in get_app_path
    return get_pymodule_path(app_name, *joins)
           ^^^^^^^^^^^^^^^^^^^^^^^^^^^^^^^^^^^
  File "/home/jumes/bench-0/apps/frappe/frappe/__init__.py", line 1230, in get_pymodule_path
    return abspath(join(dirname(get_module(scrub(modulename)).__file__ or ""), *joins))
                                ^^^^^^^^^^^^^^^^^^^^^^^^^^^^^
  File "/home/jumes/bench-0/apps/frappe/frappe/__init__.py", line 1171, in get_module
    return importlib.import_module(modulename)
           ^^^^^^^^^^^^^^^^^^^^^^^^^^^^^^^^^^^
  File "/usr/lib/python3.12/importlib/__init__.py", line 90, in import_module
    return _bootstrap._gcd_import(name[level:], package, level)
           ^^^^^^^^^^^^^^^^^^^^^^^^^^^^^^^^^^^^^^^^^^^^^^^^^^^^
  File "<frozen importlib._bootstrap>", line 1387, in _gcd_import
  File "<frozen importlib._bootstrap>", line 1360, in _find_and_load
  File "<frozen importlib._bootstrap>", line 1324, in _find_and_load_unlocked
ModuleNotFoundError: No module named 'star_ecom'

During handling of the above exception, another exception occurred:

Traceback (most recent call last):
  File "/home/jumes/bench-0/apps/frappe/frappe/translate.py", line 174, in get_all_translations
    return frappe.cache.hget(MERGED_TRANSLATION_KEY, lang, generator=_merge_translations)
           ^^^^^^^^^^^^^^^^^^^^^^^^^^^^^^^^^^^^^^^^^^^^^^^^^^^^^^^^^^^^^^^^^^^^^^^^^^^^^^
  File "/home/jumes/bench-0/apps/frappe/frappe/utils/redis_wrapper.py", line 253, in hget
    value = generator()
            ^^^^^^^^^^^
  File "/home/jumes/bench-0/apps/frappe/frappe/translate.py", line 162, in _merge_translations
    all_translations.update(get_translations_from_apps(lang))
                            ^^^^^^^^^^^^^^^^^^^^^^^^^^^^^^^^
  File "/home/jumes/bench-0/apps/frappe/frappe/translate.py", line 190, in get_translations_from_apps
    translations.update(get_translations_from_csv(lang, app) or {})
                        ^^^^^^^^^^^^^^^^^^^^^^^^^^^^^^^^^^^^
  File "/home/jumes/bench-0/apps/frappe/frappe/translate.py", line 202, in get_translations_from_csv
    os.path.join(frappe.get_app_path(app, "translations"), lang + ".csv"), lang, app
                 ^^^^^^^^^^^^^^^^^^^^^^^^^^^^^^^^^^^^^^^^
  File "/home/jumes/bench-0/apps/frappe/frappe/__init__.py", line 1200, in get_app_path
    return get_pymodule_path(app_name, *joins)
           ^^^^^^^^^^^^^^^^^^^^^^^^^^^^^^^^^^^
  File "/home/jumes/bench-0/apps/frappe/frappe/__init__.py", line 1230, in get_pymodule_path
    return abspath(join(dirname(get_module(scrub(modulename)).__file__ or ""), *joins))
                                ^^^^^^^^^^^^^^^^^^^^^^^^^^^^^
  File "/home/jumes/bench-0/apps/frappe/frappe/__init__.py", line 1171, in get_module
    return importlib.import_module(modulename)
           ^^^^^^^^^^^^^^^^^^^^^^^^^^^^^^^^^^^
  File "/usr/lib/python3.12/importlib/__init__.py", line 90, in import_module
    return _bootstrap._gcd_import(name[level:], package, level)
           ^^^^^^^^^^^^^^^^^^^^^^^^^^^^^^^^^^^^^^^^^^^^^^^^^^^^
  File "<frozen importlib._bootstrap>", line 1387, in _gcd_import
  File "<frozen importlib._bootstrap>", line 1360, in _find_and_load
  File "<frozen importlib._bootstrap>", line 1324, in _find_and_load_unlocked
ModuleNotFoundError: No module named 'star_ecom'
2025-08-08 04:14:56,325 ERROR frappe New Exception collected in error log
Site: ecomsite.localhost
Form Dict: {}
2025-08-08 04:15:18,354 ERROR frappe New Exception collected in error log
Site: ecomsite.localhost
Form Dict: {}
2025-08-08 04:17:53,458 ERROR frappe New Exception collected in error log
Site: ecom.localhost
Form Dict: {}
2025-08-08 04:18:30,881 ERROR frappe New Exception collected in error log
Site: todo.localhost
Form Dict: {}
2025-08-08 04:20:10,556 ERROR frappe New Exception collected in error log
Site: todo.localhost
Form Dict: {}
2025-08-08 04:23:31,651 ERROR frappe New Exception collected in error log
Site: ecom.localhost
Form Dict: {}
2025-08-08 04:32:22,204 ERROR frappe New Exception collected in error log
Site: ecom.localhost
Form Dict: {}
2025-08-08 04:36:10,326 ERROR frappe New Exception collected in error log
Site: ecom.localhost
Form Dict: {}
2025-08-08 22:43:15,566 ERROR frappe New Exception collected in error log
Site: ecom.localhost
Form Dict: {}
2025-08-08 22:43:16,007 ERROR frappe New Exception collected in error log
Site: ecom.localhost
Form Dict: {}
2025-08-08 22:43:32,700 ERROR frappe New Exception collected in error log
Site: ecom.localhost
Form Dict: {}
2025-08-08 22:43:32,822 ERROR frappe New Exception collected in error log
Site: ecom.localhost
Form Dict: {}
2025-08-08 22:43:36,052 ERROR frappe New Exception collected in error log
Site: ecom.localhost
Form Dict: {}
2025-08-08 22:43:36,158 ERROR frappe New Exception collected in error log
Site: ecom.localhost
Form Dict: {}
2025-08-08 22:43:58,491 ERROR frappe New Exception collected in error log
Site: jumes.localhost
Form Dict: {}
2025-08-08 22:43:58,719 ERROR frappe New Exception collected in error log
Site: jumes.localhost
Form Dict: {}
2025-08-08 22:44:38,817 ERROR frappe New Exception collected in error log
Site: jumes.localhost
Form Dict: {}
2025-08-08 22:44:39,022 ERROR frappe New Exception collected in error log
Site: jumes.localhost
Form Dict: {}
2025-08-08 22:45:36,725 ERROR frappe New Exception collected in error log
Site: jumes.localhost
Form Dict: {}
2025-08-08 22:45:36,840 ERROR frappe New Exception collected in error log
Site: jumes.localhost
Form Dict: {}
2025-08-08 22:46:13,455 ERROR frappe New Exception collected in error log
Site: jumes.localhost
Form Dict: {}
2025-08-08 22:46:13,562 ERROR frappe New Exception collected in error log
Site: jumes.localhost
Form Dict: {}
2025-08-08 22:50:07,491 ERROR frappe New Exception collected in error log
Site: ecom.localhost
Form Dict: {}
2025-08-08 22:50:08,309 ERROR frappe New Exception collected in error log
Site: ecom.localhost
Form Dict: {}
2025-08-08 22:50:08,336 ERROR frappe New Exception collected in error log
Site: ecom.localhost
Form Dict: {}
2025-08-08 22:50:08,661 ERROR frappe New Exception collected in error log
Site: ecom.localhost
Form Dict: {}
2025-08-08 22:50:08,981 ERROR frappe New Exception collected in error log
Site: ecom.localhost
Form Dict: {}
2025-08-08 22:50:14,218 ERROR frappe New Exception collected in error log
Site: ecom.localhost
Form Dict: {}
2025-08-08 22:50:14,370 ERROR frappe New Exception collected in error log
Site: ecom.localhost
Form Dict: {}
2025-08-08 22:53:22,920 ERROR frappe New Exception collected in error log
Site: test.localhost
Form Dict: {}
2025-08-08 22:53:23,173 ERROR frappe New Exception collected in error log
Site: test.localhost
Form Dict: {}
2025-08-08 22:54:43,333 ERROR frappe New Exception collected in error log
Site: test.localhost
Form Dict: {}
2025-08-08 22:54:43,629 ERROR frappe New Exception collected in error log
Site: test.localhost
Form Dict: {}
2025-08-08 22:55:14,245 ERROR frappe New Exception collected in error log
Site: test.localhost
Form Dict: {}
2025-08-08 22:55:14,355 ERROR frappe New Exception collected in error log
Site: test.localhost
Form Dict: {}
2025-08-09 01:54:08,153 ERROR frappe New Exception collected in error log
Site: ecom.localhost
Form Dict: {}
2025-08-09 01:54:08,382 ERROR frappe New Exception collected in error log
Site: ecom.localhost
Form Dict: {}
2025-08-09 01:54:45,118 ERROR frappe New Exception collected in error log
Site: ecom.localhost
Form Dict: {}
2025-08-09 01:58:11,822 ERROR frappe New Exception collected in error log
Site: ecom.localhost
Form Dict: {}
2025-08-09 01:58:11,992 ERROR frappe New Exception collected in error log
Site: ecom.localhost
Form Dict: {}
2025-08-09 01:58:12,667 ERROR frappe New Exception collected in error log
Site: ecom.localhost
Form Dict: {}
2025-08-10 03:12:30,599 ERROR frappe New Exception collected in error log
Site: ecom.localhost
Form Dict: {}
2025-08-10 03:12:30,694 ERROR frappe New Exception collected in error log
Site: ecom.localhost
Form Dict: {}
